<?xml version="1.0" encoding="UTF-8"?>
<!-- Generated by org.testng.reporters.JUnitReportReporter -->
<testsuite skipped="0" hostname="rushikeshp-lap" name="com.baseClassObject.baseClass" tests="1" failures="0" timestamp="2022-07-11T15:05:40 IST" time="2.374" errors="0">
  <testcase name="loadPage" time="2.374" classname="com.baseClassObject.baseClass"/>
  <system-out/>
</testsuite> <!-- com.baseClassObject.baseClass -->
