<?xml version="1.0" encoding="UTF-8"?>
<!-- Generated by org.testng.reporters.JUnitReportReporter -->
<testsuite skipped="0" hostname="rushikeshp-lap" name="com.baseClassObject.orderRequests" tests="2" failures="0" timestamp="2022-05-26T18:14:17 IST" time="17.402" errors="0">
  <testcase name="orderStatus" time="14.245" classname="com.baseClassObject.orderRequests"/>
  <system-out/>
  <testcase name="orderConfirm" time="3.157" classname="com.baseClassObject.orderRequests"/>
  <system-out/>
</testsuite> <!-- com.baseClassObject.orderRequests -->
